2022-03-03T12:53:45.637+0800	INFO	logger/logger.go:102	你好[]
2022-03-03T12:53:45.640+0800	WARN	logger/logger.go:104	KK %s[[biss]]
2022-03-03T12:54:46.930+0800	INFO	logger/logger.go:102	你好[]
2022-03-03T12:54:46.930+0800	WARN	logger/logger.go:104	KK %s[[biss]]
2022-03-03T12:56:46.194+0800	INFO	logger/logger.go:102	你好%!(EXTRA []interface {}=[])
2022-03-03T12:56:46.194+0800	WARN	logger/logger.go:104	KK [[biss]]
2022-03-03T12:59:00.255+0800	INFO	logger/logger.go:84	你好
2022-03-03T12:59:00.255+0800	WARN	logger/logger.go:104	KK [[biss]]
2022-03-03T13:00:09.588+0800	INFO	logger/logger.go:84	你好
2022-03-03T13:00:09.589+0800	WARN	logger/logger.go:104	KK [[biss]]
2022-03-03T13:01:58.049+0800	INFO	logger/logger.go:84	你好
2022-03-03T13:01:58.050+0800	WARN	logger/logger.go:104	KK [biss]
2022-03-03T13:02:35.720+0800	INFO	logger/logger.go:84	你好
2022-03-03T13:02:35.720+0800	WARN	logger/logger.go:104	[kk biss] is %!s(MISSING)
2022-03-03T13:04:12.405+0800	INFO	logger/logger.go:84	你好
2022-03-03T13:04:12.405+0800	WARN	logger/logger.go:104	[kk biss] is %!s(MISSING)
2022-03-03T13:04:48.446+0800	INFO	logger/logger.go:84	你好
2022-03-03T13:04:48.446+0800	WARN	logger/logger.go:104	&[kk biss] is %!s(MISSING)
2022-03-03T13:06:32.452+0800	INFO	logger/logger.go:84	你好
2022-03-03T13:06:32.452+0800	WARN	logger/logger.go:104	[kk biss] is %!s(MISSING)
2022-03-03T13:09:45.223+0800	INFO	logger/logger.go:85	你好
2022-03-03T13:09:45.223+0800	WARN	logger/logger.go:87	kk is biss
2022-03-03T14:38:26.056+0800	INFO	你好
2022-03-03T14:38:26.057+0800	WARN	kk is biss
2022-03-03T14:39:54.899+0800	INFO	你好
2022-03-03T14:39:54.899+0800	WARN	kk is biss
2022-03-03T14:40:15.027+0800	INFO	你好
2022-03-03T14:40:15.028+0800	WARN	kk is biss
2022-03-03T14:40:37.072+0800	INFO	logger/logger.go:85	你好
2022-03-03T14:40:37.073+0800	WARN	logger/logger.go:87	kk is biss
2022-03-03T14:46:58.638+0800	INFO	logger/logger.go:127	你好
2022-03-03T14:46:58.640+0800	WARN	logger/logger.go:139	kk is biss
2022-03-03T14:47:26.009+0800	INFO	Goose/main.go:42	你好
2022-03-03T14:47:26.009+0800	WARN	Goose/main.go:43	kk is biss
2022-03-03T14:58:54.036+0800	INFO	Goose/main.go:42	你好
2022-03-03T14:58:54.037+0800	WARN	Goose/main.go:43	kk is biss
2022-03-04T00:06:49.832+0800	INFO	Goose/main.go:42	你好
2022-03-04T00:06:49.834+0800	WARN	Goose/main.go:43	kk is biss
2022-03-04T17:30:02.679+0800	INFO	Goose/main.go:47	你好
2022-03-04T17:30:02.679+0800	WARN	Goose/main.go:48	kk is biss
2022-03-04T17:31:24.967+0800	INFO	Goose/main.go:47	你好
2022-03-04T17:31:24.968+0800	WARN	Goose/main.go:48	kk is biss
2022-03-04T17:35:19.551+0800	INFO	Goose/main.go:47	你好
2022-03-04T17:35:19.552+0800	WARN	Goose/main.go:48	kk is biss
2022-03-04T17:36:14.659+0800	INFO	Goose/main.go:47	你好
2022-03-04T17:36:14.660+0800	WARN	Goose/main.go:48	kk is biss
2022-03-04T17:36:41.762+0800	INFO	Goose/main.go:47	你好
2022-03-04T17:36:41.765+0800	WARN	Goose/main.go:48	kk is biss
2022-03-04T17:36:58.988+0800	INFO	Goose/main.go:47	你好
2022-03-04T17:36:58.988+0800	WARN	Goose/main.go:48	kk is biss
2022-03-04T17:50:27.254+0800	INFO	Goose/main.go:42	你好
2022-03-04T17:50:27.255+0800	WARN	Goose/main.go:43	kk is biss
2022-03-04T17:50:43.293+0800	INFO	Goose/main.go:42	你好
2022-03-04T17:50:43.294+0800	WARN	Goose/main.go:43	kk is biss
2022-03-04T17:51:11.705+0800	INFO	Goose/main.go:50	你好
2022-03-04T17:51:11.706+0800	WARN	Goose/main.go:51	kk is biss
2022-03-04T17:51:27.213+0800	INFO	Goose/main.go:50	你好
2022-03-04T17:51:27.214+0800	WARN	Goose/main.go:51	kk is biss
2022-03-04T17:53:02.555+0800	INFO	Goose/main.go:43	你好
2022-03-04T17:53:02.557+0800	WARN	Goose/main.go:44	kk is biss
2022-03-04T17:53:15.237+0800	INFO	Goose/main.go:43	你好
2022-03-04T17:53:15.237+0800	WARN	Goose/main.go:44	kk is biss
2022-03-04T17:54:40.989+0800	INFO	Goose/main.go:49	你好
2022-03-04T17:54:40.990+0800	WARN	Goose/main.go:50	kk is biss
2022-03-04T17:56:33.532+0800	INFO	Goose/main.go:69	你好
2022-03-04T17:56:33.533+0800	WARN	Goose/main.go:70	kk is biss
2022-03-04T18:00:13.856+0800	INFO	Goose/main.go:54	你好
2022-03-04T18:00:13.857+0800	WARN	Goose/main.go:55	kk is biss
2022-03-04T18:02:18.161+0800	INFO	Goose/main.go:51	你好
2022-03-04T18:02:18.161+0800	WARN	Goose/main.go:52	kk is biss
2022-03-04T18:10:58.975+0800	INFO	Goose/main.go:50	你好
2022-03-04T18:10:58.975+0800	WARN	Goose/main.go:51	kk is biss
2022-03-07T11:30:37.236+0800	INFO	Goose/main.go:50	你好
2022-03-07T11:30:37.238+0800	WARN	Goose/main.go:51	kk is biss
2022-03-07T17:53:02.765+0800	INFO	Goose/main.go:50	你好
2022-03-07T17:53:02.766+0800	WARN	Goose/main.go:51	kk is biss
2022-03-07T18:01:12.597+0800	INFO	Goose/main.go:50	你好
2022-03-07T18:01:12.598+0800	WARN	Goose/main.go:51	kk is biss
2022-03-07T18:01:57.281+0800	INFO	articlesAPI/tag.go:57	HiKK
2022-03-07T18:03:54.199+0800	INFO	articlesAPI/tag.go:57	HiKK
2022-03-07T18:04:34.190+0800	INFO	articlesAPI/tag.go:57	HiKK
2022-03-07T18:07:34.352+0800	INFO	articlesAPI/tag.go:57	HiKK
2022-03-07T18:13:25.876+0800	INFO	articlesAPI/tag.go:57	HiKK
2022-03-07T18:22:09.506+0800	INFO	Goose/main.go:50	你好
2022-03-07T18:22:09.506+0800	WARN	Goose/main.go:51	kk is biss
2022-03-07T18:22:32.671+0800	INFO	articlesAPI/tag.go:57	HiKK
2022-03-07T18:29:23.986+0800	INFO	articlesAPI/tag.go:57	HiKK
2022-03-07T18:29:37.495+0800	INFO	articlesAPI/tag.go:57	HiKK
2022-03-07T18:31:31.657+0800	INFO	articlesAPI/tag.go:57	HiKK
2022-03-07T18:31:38.292+0800	ERROR	articlesAPI/tag.go:53	app.BindAndValid errs: State必须是[0 1]中的一个
2022-03-07T18:59:30.377+0800	INFO	Goose/main.go:50	你好
2022-03-07T18:59:30.378+0800	WARN	Goose/main.go:51	kk is biss
2022-03-07T18:59:39.366+0800	ERROR	articlesAPI/tag.go:53	app.BindAndValid errs: State必须是[0 1]中的一个
2022-03-08T16:38:24.128+0800	INFO	Goose/main.go:50	你好
2022-03-08T16:38:24.129+0800	WARN	Goose/main.go:51	kk is biss
2022-03-08T16:38:44.233+0800	INFO	articlesAPI/tag.go:55	HiKK
2022-03-08T17:45:37.204+0800	ERROR	articlesAPI/tag.go:95	app.BindAndValid errs: 
2022-03-08T17:47:59.833+0800	ERROR	articlesAPI/tag.go:62	svc.CountTag err: Error 1146: Table 'goose.goose_tag' doesn't exist
2022-03-08T17:48:56.941+0800	ERROR	articlesAPI/tag.go:95	app.BindAndValid errs: 
2022-03-08T17:49:42.973+0800	ERROR	articlesAPI/tag.go:95	app.BindAndValid errs: Name为必填字段
2022-03-08T17:49:53.730+0800	ERROR	articlesAPI/tag.go:95	app.BindAndValid errs: Name为必填字段
2022-03-08T17:50:51.459+0800	ERROR	articlesAPI/tag.go:103	svc.CreateTag err: Error 1146: Table 'goose.goose_tag' doesn't exist
2022-03-08T17:51:27.157+0800	ERROR	articlesAPI/tag.go:103	svc.CreateTag err: Error 1146: Table 'goose.goose_tag' doesn't exist
2022-03-08T17:53:16.225+0800	ERROR	articlesAPI/tag.go:103	svc.CreateTag err: Error 1054: Unknown column 'deleted_on' in 'field list'
2022-03-08T17:54:49.624+0800	ERROR	articlesAPI/tag.go:103	svc.CreateTag err: Error 1054: Unknown column 'deleted_on' in 'field list'
2022-03-08T17:57:11.366+0800	ERROR	articlesAPI/tag.go:95	app.BindAndValid errs: 
2022-03-08T17:57:26.201+0800	ERROR	articlesAPI/tag.go:95	app.BindAndValid errs: 
2022-03-08T17:59:47.979+0800	ERROR	articlesAPI/tag.go:95	app.BindAndValid errs: 
2022-03-08T18:01:45.585+0800	ERROR	articlesAPI/tag.go:95	app.BindAndValid errs: 
2022-03-08T18:02:03.915+0800	ERROR	articlesAPI/tag.go:95	app.BindAndValid errs: 
2022-03-08T18:03:35.492+0800	ERROR	articlesAPI/tag.go:95	app.BindAndValid errs: 
2022-03-08T18:08:50.473+0800	ERROR	articlesAPI/tag.go:130	app.BindAndValid errs: ID为必填字段
2022-03-08T18:09:12.734+0800	ERROR	articlesAPI/tag.go:130	app.BindAndValid errs: ID为必填字段
2022-03-08T18:10:32.265+0800	ERROR	articlesAPI/tag.go:130	app.BindAndValid errs: ModifiedBy为必填字段
2022-03-08T18:10:44.249+0800	ERROR	articlesAPI/tag.go:130	app.BindAndValid errs: ModifiedBy为必填字段
2022-03-09T18:56:57.967+0800	INFO	articlesAPI/tag.go:40	HI
2022-03-09T18:56:58.003+0800	ERROR	articlesAPI/tag.go:45	svc.GetTag err: unsupported destination, should be slice or struct
2022-03-09T18:58:43.507+0800	INFO	articlesAPI/tag.go:40	HI
2022-03-09T18:58:43.508+0800	ERROR	articlesAPI/tag.go:45	svc.GetTag err: unsupported destination, should be slice or struct
2022-03-09T19:04:01.407+0800	ERROR	articlesAPI/tag.go:45	svc.GetTag err: unsupported destination, should be slice or struct
2022-03-09T19:05:20.139+0800	ERROR	articlesAPI/tag.go:45	svc.GetTag err: unsupported destination, should be slice or struct
2022-03-09T19:06:26.937+0800	ERROR	articlesAPI/tag.go:45	svc.GetTag err: unsupported destination, should be slice or struct
2022-03-09T20:03:07.112+0800	INFO	dao/tag.go:44	
2022-03-10T01:50:10.398+0800	ERROR	authAPI/auth.go:16	app.BindAndValid errs: AppKey为必填字段,AppSecret为必填字段
2022-03-10T01:50:12.751+0800	ERROR	authAPI/auth.go:16	app.BindAndValid errs: AppKey为必填字段,AppSecret为必填字段
2022-03-10T01:50:21.048+0800	ERROR	authAPI/auth.go:16	app.BindAndValid errs: AppKey为必填字段,AppSecret为必填字段
2022-03-10T01:50:37.723+0800	ERROR	authAPI/auth.go:16	app.BindAndValid errs: AppKey为必填字段,AppSecret为必填字段
2022-03-10T01:50:53.569+0800	ERROR	authAPI/auth.go:16	app.BindAndValid errs: AppKey为必填字段,AppSecret为必填字段
2022-03-10T01:51:08.116+0800	ERROR	authAPI/auth.go:16	app.BindAndValid errs: AppKey为必填字段,AppSecret为必填字段
2022-03-10T01:51:14.024+0800	ERROR	authAPI/auth.go:16	app.BindAndValid errs: AppKey为必填字段,AppSecret为必填字段
2022-03-10T01:51:24.517+0800	ERROR	authAPI/auth.go:16	app.BindAndValid errs: AppKey为必填字段,AppSecret为必填字段
2022-03-10T03:34:00.950+0800	ERROR	articlesAPI/article.go:75	app.BindAndValid errs: Title为必填字段
2022-03-10T04:16:21.293+0800	ERROR	articlesAPI/article.go:125	app.BindAndValid errs: 
2022-03-10T04:17:54.504+0800	ERROR	articlesAPI/article.go:125	app.BindAndValid errs: 
2022-03-10T04:18:03.989+0800	ERROR	articlesAPI/article.go:125	app.BindAndValid errs: 
2022-03-10T04:19:33.774+0800	ERROR	articlesAPI/article.go:125	app.BindAndValid errs: 
2022-03-10T04:55:17.545+0800	ERROR	articlesAPI/article.go:38	app.BindAndValid errs: Title为必填字段
2022-03-10T04:59:41.997+0800	ERROR	articlesAPI/article.go:38	app.BindAndValid errs: Title为必填字段
2022-03-14T19:07:40.537+0800	INFO	routers/router.go:41	60ns
2022-03-14T19:11:28.554+0800	INFO	routers/router.go:41	60µsAS
2022-03-14T19:11:28.554+0800	INFO	routers/router.go:42	1m0sGS
2022-03-14T19:13:40.317+0800	INFO	routers/router.go:41	1m0sAS
2022-03-14T19:13:40.318+0800	INFO	routers/router.go:42	1m0sGS
2022-03-22T20:59:40.345+0800	ERROR	authAPI/auth.go:36	svc.CheckAuth err: auth info does not exist.
2022-03-22T21:03:02.026+0800	ERROR	authAPI/auth.go:36	svc.CheckAuth err: auth info does not exist.
2022-03-22T21:06:05.512+0800	ERROR	articlesAPI/article.go:38	app.BindAndValid errs: CreatedBy为必填字段
2022-03-22T21:14:25.496+0800	ERROR	authAPI/auth.go:36	svc.CheckAuth err: auth info does not exist.
2022-03-23T06:26:40.658+0800	ERROR	authAPI/auth.go:28	app.BindAndValid errs: AppKey为必填字段,AppSecret为必填字段
2022-03-23T06:29:28.538+0800	ERROR	authAPI/auth.go:36	svc.CheckAuth err: auth info does not exist
2022-03-23T06:29:36.334+0800	ERROR	authAPI/auth.go:36	svc.CheckAuth err: auth info does not exist
2022-03-26T04:24:22.094+0800	ERROR	authAPI/auth.go:44	svc.CheckAuth err: auth info does not exist
2022-03-26T05:08:03.808+0800	ERROR	authAPI/auth.go:103	svc.GenerateCheckCode err: 535 Login Fail. Please enter your authorization code to login. More information in http://service.mail.qq.com/cgi-bin/help?subtype=1&&id=28&&no=1001256
2022-03-26T05:10:11.314+0800	INFO	service/auth.go:52	?
2022-03-26T05:10:11.565+0800	ERROR	authAPI/auth.go:103	svc.GenerateCheckCode err: 535 Login Fail. Please enter your authorization code to login. More information in http://service.mail.qq.com/cgi-bin/help?subtype=1&&id=28&&no=1001256
2022-03-26T05:11:45.538+0800	INFO	service/auth.go:52	?
2022-03-26T05:11:46.269+0800	ERROR	authAPI/auth.go:103	svc.GenerateCheckCode err: gomail: could not send email 1: gomail: invalid address "Hanmur": mail: missing '@' or angle-addr
2022-03-26T05:12:53.613+0800	INFO	service/auth.go:52	?
2022-03-26T05:12:54.277+0800	ERROR	authAPI/auth.go:103	svc.GenerateCheckCode err: gomail: could not send email 1: gomail: invalid address "Hanmur": mail: missing '@' or angle-addr
2022-03-26T05:14:59.592+0800	INFO	service/auth.go:52	?
2022-03-26T05:14:59.999+0800	ERROR	authAPI/auth.go:103	svc.GenerateCheckCode err: gomail: could not send email 1: gomail: invalid address "Hanmur": mail: missing '@' or angle-addr
2022-03-26T05:16:10.158+0800	INFO	service/auth.go:52	?
2022-03-26T05:16:10.498+0800	ERROR	authAPI/auth.go:103	svc.GenerateCheckCode err: gomail: could not send email 1: gomail: invalid address "Hanmur": mail: missing '@' or angle-addr
2022-03-26T05:17:18.781+0800	INFO	service/auth.go:52	?
2022-03-26T05:27:14.747+0800	ERROR	authAPI/auth.go:110	svc.GenerateCheckCode err: gomail: could not send email 1: gomail: invalid address "1466046208@qq.": mail: no angle-addr
2022-03-26T05:27:32.188+0800	ERROR	authAPI/auth.go:110	svc.GenerateCheckCode err: gomail: could not send email 1: gomail: invalid address "1466046208@": mail: no angle-addr
2022-03-26T05:27:35.643+0800	ERROR	authAPI/auth.go:110	svc.GenerateCheckCode err: gomail: could not send email 1: gomail: invalid address "1466046208": mail: missing '@' or angle-addr
2022-03-27T02:22:57.186+0800	ERROR	authAPI/auth.go:115	svc.GenerateCheckCode err: 535 Login Fail. Please enter your authorization code to login. More information in http://service.mail.qq.com/cgi-bin/help?subtype=1&&id=28&&no=1001256
2022-03-27T02:23:46.777+0800	ERROR	authAPI/auth.go:115	svc.GenerateCheckCode err: 535 Login Fail. Please enter your authorization code to login. More information in http://service.mail.qq.com/cgi-bin/help?subtype=1&&id=28&&no=1001256
2022-03-27T02:25:20.168+0800	ERROR	authAPI/auth.go:115	svc.GenerateCheckCode err: 535 Login Fail. Please enter your authorization code to login. More information in http://service.mail.qq.com/cgi-bin/help?subtype=1&&id=28&&no=1001256
2022-03-27T02:25:45.241+0800	ERROR	authAPI/auth.go:115	svc.GenerateCheckCode err: 535 Login Fail. Please enter your authorization code to login. More information in http://service.mail.qq.com/cgi-bin/help?subtype=1&&id=28&&no=1001256
2022-03-27T02:25:48.576+0800	ERROR	authAPI/auth.go:115	svc.GenerateCheckCode err: 535 Login Fail. Please enter your authorization code to login. More information in http://service.mail.qq.com/cgi-bin/help?subtype=1&&id=28&&no=1001256
2022-03-27T02:30:04.999+0800	INFO	authAPI/auth.go:160	password need aToz :<nil>
2022-03-27T02:33:52.685+0800	INFO	authAPI/auth.go:167	验证码对应错误
2022-03-27T03:46:57.038+0800	INFO	authAPI/auth.go:167	验证码对应错误
2022-03-27T03:47:19.392+0800	ERROR	authAPI/auth.go:144	app.BindAndValid errs: CheckCode长度不能超过6个字符
2022-03-27T03:47:24.483+0800	INFO	authAPI/auth.go:167	验证码对应错误
2022-03-27T04:36:58.399+0800	ERROR	service/auth.go:44	svc.CheckEmail err: email does not exist
2022-03-27T04:37:29.955+0800	ERROR	service/auth.go:44	svc.CheckEmail err: email does not exist
2022-03-27T04:40:28.971+0800	ERROR	service/auth.go:44	svc.CheckEmail err: email does not exist
2022-03-27T04:41:21.348+0800	INFO	service/auth.go:44	email does not exist
2022-03-27T04:41:21.349+0800	ERROR	service/auth.go:45	svc.CheckEmail err: email does not exist
2022-03-27T04:42:06.730+0800	INFO	service/auth.go:44	hanmur@foxmail.com
2022-03-27T04:42:06.731+0800	ERROR	service/auth.go:45	svc.CheckEmail err: email does not exist
2022-03-27T04:42:59.210+0800	INFO	service/auth.go:44	hanmur@foxmail.com
2022-03-27T04:42:59.210+0800	ERROR	service/auth.go:45	svc.CheckEmail err: email does not exist
2022-03-27T04:46:34.353+0800	INFO	service/auth.go:44	hanmur@foxmail.com
2022-03-27T04:46:34.353+0800	ERROR	service/auth.go:45	svc.CheckEmail err: email does not exist
2022-03-27T04:46:59.127+0800	ERROR	service/auth.go:44	svc.CheckEmail err: email does not exist
2022-03-27T04:57:43.615+0800	ERROR	service/auth.go:74	svc.CheckEmail err: email does exist
2022-03-28T00:14:54.494+0800	ERROR	authAPI/auth.go:151	app.BindAndValid errs: NewCode长度必须至少为4个字符
2022-03-28T00:17:26.787+0800	INFO	service/auth.go:126	账户获取成功
2022-03-28T00:20:51.740+0800	INFO	service/auth.go:126	账户获取成功
2022-03-28T00:21:46.967+0800	INFO	dao/auth.go:126	A
2022-03-28T00:21:46.968+0800	INFO	dao/auth.go:129	B
2022-03-28T00:23:05.468+0800	ERROR	service/auth.go:123	svc.CheckAuth err: auth info does not exist
2022-03-28T00:23:09.308+0800	INFO	dao/auth.go:126	A
2022-03-28T00:23:09.308+0800	INFO	dao/auth.go:129	B
2022-03-28T00:24:39.676+0800	INFO	dao/auth.go:129	Hanmur_Test00
2022-03-28T00:25:32.006+0800	INFO	dao/auth.go:129	Hanmur_Test00
2022-03-28T00:29:56.216+0800	INFO	dao/auth.go:129	Hanmur_Test00
2022-03-28T00:29:56.216+0800	INFO	dao/auth.go:132	C
2022-03-28T00:30:08.013+0800	INFO	dao/auth.go:129	Hanmur_Test00
2022-03-28T00:47:15.557+0800	INFO	dao/auth.go:130	Hanmur_Test00
2022-03-28T00:47:15.557+0800	INFO	dao/auth.go:133	C
2022-03-28T01:07:22.969+0800	INFO	dao/auth.go:130	Hanmur_Test00
2022-03-28T01:07:22.973+0800	INFO	dao/auth.go:133	C
2022-03-28T01:09:17.654+0800	ERROR	service/auth.go:123	svc.CheckAuth err: auth info does not exist
2022-03-28T01:09:19.818+0800	INFO	dao/auth.go:130	Hanmur_Test00
2022-03-28T01:09:19.858+0800	INFO	dao/auth.go:133	C
2022-03-28T12:53:52.890+0800	ERROR	service/auth.go:44	svc.CheckEmail err: email does exist
2022-03-28T12:55:18.170+0800	ERROR	authAPI/auth.go:184	app.BindAndValid errs: AuthName为必填字段
2022-03-29T16:01:02.002+0800	ERROR	authAPI/auth.go:44	svc.CheckAuth err: auth info does not exist
2022-03-29T16:01:21.587+0800	ERROR	authAPI/auth.go:184	app.BindAndValid errs: CheckCode长度必须至少为6个字符
2022-03-30T01:22:12.573+0800	ERROR	service/auth.go:44	svc.GenerateCheckCode err: dial tcp 127.0.0.1:6379: connectex: No connection could be made because the target machine actively refused it.
2022-04-25T17:12:19.568+0800	ERROR	service/auth.go:44	svc.GenerateCheckCode err: dial tcp 127.0.0.1:6379: connectex: No connection could be made because the target machine actively refused it.
2022-04-27T14:42:45.637+0800	ERROR	articlesAPI/article.go:125	app.BindAndValid errs: AuthName为必填字段
2022-04-27T15:50:46.760+0800	ERROR	articlesAPI/article.go:243	svc.DeleteArticle err: 无删除权限
2022-04-27T15:50:50.481+0800	ERROR	articlesAPI/article.go:243	svc.DeleteArticle err: 无删除权限
2022-04-27T15:50:52.147+0800	ERROR	articlesAPI/article.go:243	svc.DeleteArticle err: 无删除权限
2022-04-27T15:50:52.927+0800	ERROR	articlesAPI/article.go:243	svc.DeleteArticle err: 无删除权限
2022-04-27T15:50:53.525+0800	ERROR	articlesAPI/article.go:243	svc.DeleteArticle err: 无删除权限
2022-04-27T15:50:57.504+0800	ERROR	articlesAPI/article.go:243	svc.DeleteArticle err: 无删除权限
2022-04-27T15:51:01.069+0800	ERROR	articlesAPI/article.go:243	svc.DeleteArticle err: 无删除权限
2022-04-27T15:51:02.087+0800	ERROR	articlesAPI/article.go:243	svc.DeleteArticle err: 无删除权限
2022-04-27T15:51:03.857+0800	ERROR	articlesAPI/article.go:243	svc.DeleteArticle err: 无删除权限
2022-04-27T15:51:04.867+0800	ERROR	articlesAPI/article.go:243	svc.DeleteArticle err: 无删除权限
2022-04-27T15:51:42.512+0800	ERROR	articlesAPI/article.go:243	svc.DeleteArticle err: 无删除权限
2022-04-28T08:23:49.590+0800	ERROR	articlesAPI/article.go:38	app.BindAndValid errs: Title为必填字段,CreatedBy为必填字段
2022-04-28T08:27:32.924+0800	ERROR	articlesAPI/article.go:38	app.BindAndValid errs: Title为必填字段,CreatedBy为必填字段
2022-04-28T08:27:37.379+0800	ERROR	articlesAPI/article.go:47	svc.GetArticle err: record not found
2022-04-28T08:29:23.667+0800	ERROR	articlesAPI/article.go:178	app.BindAndValid errs: ID为必填字段
2022-04-28T08:29:35.128+0800	ERROR	articlesAPI/article.go:178	app.BindAndValid errs: ID为必填字段
2022-04-28T08:29:51.581+0800	ERROR	articlesAPI/article.go:178	app.BindAndValid errs: ID为必填字段
2022-04-28T08:30:04.810+0800	ERROR	articlesAPI/article.go:178	app.BindAndValid errs: ID为必填字段
2022-04-28T08:31:25.277+0800	ERROR	articlesAPI/article.go:178	app.BindAndValid errs: ID为必填字段
2022-04-28T08:32:35.600+0800	ERROR	articlesAPI/article.go:231	app.BindAndValid errs: ID为必填字段
2022-04-28T08:33:14.883+0800	ERROR	articlesAPI/article.go:231	app.BindAndValid errs: ID为必填字段
2022-04-28T08:33:49.864+0800	ERROR	articlesAPI/article.go:231	app.BindAndValid errs: ID为必填字段
2022-04-28T08:33:52.909+0800	ERROR	articlesAPI/article.go:231	app.BindAndValid errs: ID为必填字段
2022-04-28T08:37:34.300+0800	ERROR	articlesAPI/article.go:231	app.BindAndValid errs: ID为必填字段
2022-04-28T08:37:39.476+0800	ERROR	articlesAPI/article.go:231	app.BindAndValid errs: ID为必填字段
2022-04-28T08:37:43.320+0800	ERROR	articlesAPI/article.go:231	app.BindAndValid errs: ID为必填字段
2022-04-28T08:48:21.137+0800	ERROR	articlesAPI/article.go:231	app.BindAndValid errs: ID为必填字段
2022-04-28T09:06:22.813+0800	ERROR	articlesAPI/tag.go:46	svc.GetTag err: record not found
2022-04-28T09:06:27.943+0800	ERROR	articlesAPI/tag.go:46	svc.GetTag err: record not found
2022-04-28T09:12:07.324+0800	ERROR	articlesAPI/tag.go:46	svc.GetTag err: record not found
2022-04-28T09:17:55.495+0800	ERROR	articlesAPI/tag.go:46	svc.GetTag err: record not found
2022-05-30T19:56:30.114+0800	ERROR	authAPI/authInfo.go:41	app.BindAndValid errs: 
2022-05-30T20:08:04.867+0800	ERROR	authAPI/authInfo.go:42	app.BindAndValid errs: 
2022-05-30T20:13:17.155+0800	ERROR	authAPI/authInfo.go:42	app.BindAndValid errs: 
2022-05-30T20:22:04.858+0800	ERROR	authAPI/authInfo.go:42	app.BindAndValid errs: 
2022-05-30T20:22:44.780+0800	ERROR	authAPI/authInfo.go:42	app.BindAndValid errs: 
2022-05-30T20:24:23.876+0800	ERROR	authAPI/authInfo.go:42	app.BindAndValid errs: 
2022-05-30T20:25:10.169+0800	ERROR	authAPI/authInfo.go:42	app.BindAndValid errs: 
2022-05-31T12:44:51.059+0800	INFO	authAPI/authInfo.go:106	Hanmur
2022-05-31T12:44:51.101+0800	INFO	authAPI/authInfo.go:114	Hanmur
2022-05-31T12:51:22.829+0800	INFO	authAPI/authInfo.go:106	Hanmur
2022-05-31T12:51:22.833+0800	INFO	authAPI/authInfo.go:114	Hanmur
